
SQL*Loader: Release 11.2.0.2.0 - Production on Sat May 4 12:09:06 2024

Copyright (c) 1982, 2009, Oracle and/or its affiliates.  All rights reserved.

Control File:   C:\Users\jarl1\OneDrive\Documentos\ProyectoBBDD2_DanyReyes\FASE_1\4_CargaDatos\codigo_fuente_datos.ctl
First primary datafile C:\Users\jarl1\OneDrive\Documentos\ProyectoBBDD2_DanyReyes\FASE_1\4_CargaDatos\DATOS_1.csv has a
 utf8 byte order mark in it.

Data File:      C:\Users\jarl1\OneDrive\Documentos\ProyectoBBDD2_DanyReyes\FASE_1\4_CargaDatos\DATOS_1.csv
  File processing option string: "str '\r\n'"
  Bad File:     C:\Users\jarl1\OneDrive\Documentos\ProyectoBBDD2_DanyReyes\FASE_1\4_CargaDatos\DATOS_1.bad
  Discard File:  none specified
 
 (Allow all discards)

Number to load: ALL
Number to skip: 0
Errors allowed: 50
Bind array:     64 rows, maximum of 256000 bytes
Continuation:    none specified
Path used:      Conventional

Table DATOS, loaded from every logical record.
Insert option in effect for this table: TRUNCATE
TRAILING NULLCOLS option in effect

   Column Name                  Position   Len  Term Encl Datatype
------------------------------ ---------- ----- ---- ---- ---------------------
CODIGO_AGENTE                       FIRST     4   ,  O(") CHARACTER            
                                                      O(")
NUMERO_DECLARACION                   NEXT    12   ,  O(") CHARACTER            
                                                      O(")
CODIGO_REGIMEN                       NEXT     2   ,  O(") CHARACTER            
                                                      O(")
CODIGO_ADUANA                        NEXT     2   ,  O(") CHARACTER            
                                                      O(")
CODIGO_TIPO_OPERACION                NEXT     *   ,  O(") CHARACTER            
                                                      O(")
    SQL string for column : "TO_NUMBER(:CODIGO_TIPO_OPERACION, '9')"
CODIGO_PAIS_ORIGEN                   NEXT     2   ,  O(") CHARACTER            
                                                      O(")
CODIGO_PAIS_VENDEDOR                 NEXT     2   ,  O(") CHARACTER            
                                                      O(")
CLIENTE                              NEXT    15   ,  O(") CHARACTER            
                                                      O(")
CODIGO_TRANSPORTE                    NEXT     1   ,  O(") CHARACTER            
                                                      O(")
TIPO_CAMBIO                          NEXT     *   ,  O(") CHARACTER            
                                                      O(")
    SQL string for column : "TO_NUMBER(:TIPO_CAMBIO, '99999999.9999')"
FECHA_VALIDACION                     NEXT     *   ,  O(") DATE DD/MM/RRRR HH24:MI:SS
                                                      O(")
FECHA_ADICION                        NEXT     *   ,  O(") DATE DD/MM/RRRR HH24:MI:SS
                                                      O(")
FECHA_PRESENTACION                   NEXT     *   ,  O(") DATE DD/MM/RRRR HH24:MI:SS
                                                      O(")
PESO_TOTAL                           NEXT     *   ,  O(") CHARACTER            
                                                      O(")
    SQL string for column : "TO_NUMBER(:PESO_TOTAL, '9999999999.99')"
VALOR_DOLARES                        NEXT     *   ,  O(") CHARACTER            
                                                      O(")
    SQL string for column : "TO_NUMBER(:VALOR_DOLARES, '9999999999.99')"
VALOR_QUETZALES                      NEXT     *   ,  O(") CHARACTER            
                                                      O(")
    SQL string for column : "TO_NUMBER(:VALOR_QUETZALES, '9999999999.99')"
CODIGO_ALMACENADORA                  NEXT     3   ,  O(") CHARACTER            
                                                      O(")
VALOR_FLETES                         NEXT     *   ,  O(") CHARACTER            
                                                      O(")
    SQL string for column : "TO_NUMBER(:VALOR_FLETES, '9999999999.99')"
VALOR_SEGUROS                        NEXT     *   ,  O(") CHARACTER            
                                                      O(")
    SQL string for column : "TO_NUMBER(:VALOR_SEGUROS, '9999999999.99')"
VALOR_OTROS_GASTOS                   NEXT     *   ,  O(") CHARACTER            
                                                      O(")
    SQL string for column : "TO_NUMBER(:VALOR_OTROS_GASTOS, '9999999999.99')"

Record 1: Rejected - Error on table DATOS, column CODIGO_AGENTE.
Field in data file exceeds maximum length

Table DATOS:
  3500 Rows successfully loaded.
  1 Row not loaded due to data errors.
  0 Rows not loaded because all WHEN clauses were failed.
  0 Rows not loaded because all fields were null.


Space allocated for bind array:                 185728 bytes(64 rows)
Read   buffer bytes: 1048576

Total logical records skipped:          0
Total logical records read:          3501
Total logical records rejected:         1
Total logical records discarded:        0

Run began on Sat May 04 12:09:06 2024
Run ended on Sat May 04 12:09:06 2024

Elapsed time was:     00:00:00.19
CPU time was:         00:00:00.04
