
SQL*Loader: Release 11.2.0.2.0 - Production on Sat May 4 12:09:06 2024

Copyright (c) 1982, 2009, Oracle and/or its affiliates.  All rights reserved.

Control File:   C:\Users\jarl1\OneDrive\Documentos\ProyectoBBDD2_DanyReyes\FASE_1\4_CargaDatos\codigo_fuente_regimen.ctl
First primary datafile C:\Users\jarl1\OneDrive\Documentos\ProyectoBBDD2_DanyReyes\FASE_1\4_CargaDatos\REGIMEN_1.csv has a
 utf8 byte order mark in it.

Data File:      C:\Users\jarl1\OneDrive\Documentos\ProyectoBBDD2_DanyReyes\FASE_1\4_CargaDatos\REGIMEN_1.csv
  File processing option string: "str '\r\n'"
  Bad File:     C:\Users\jarl1\OneDrive\Documentos\ProyectoBBDD2_DanyReyes\FASE_1\4_CargaDatos\REGIMEN_1.bad
  Discard File:  none specified
 
 (Allow all discards)

Number to load: ALL
Number to skip: 0
Errors allowed: 50
Bind array:     64 rows, maximum of 256000 bytes
Continuation:    none specified
Path used:      Conventional

Table REGIMEN, loaded from every logical record.
Insert option in effect for this table: TRUNCATE
TRAILING NULLCOLS option in effect

   Column Name                  Position   Len  Term Encl Datatype
------------------------------ ---------- ----- ---- ---- ---------------------
CODIGO_REGIMEN                      FIRST     2   ,  O(") CHARACTER            
                                                      O(")
NOMBRE_REGIMEN                       NEXT   200   ,  O(") CHARACTER            
                                                      O(")
PAGO_BANCO                           NEXT     1   ,  O(") CHARACTER            
                                                      O(")

Record 1: Rejected - Error on table REGIMEN, column CODIGO_REGIMEN.
Field in data file exceeds maximum length

Table REGIMEN:
  90 Rows successfully loaded.
  1 Row not loaded due to data errors.
  0 Rows not loaded because all WHEN clauses were failed.
  0 Rows not loaded because all fields were null.


Space allocated for bind array:                  13440 bytes(64 rows)
Read   buffer bytes: 1048576

Total logical records skipped:          0
Total logical records read:            91
Total logical records rejected:         1
Total logical records discarded:        0

Run began on Sat May 04 12:09:06 2024
Run ended on Sat May 04 12:09:06 2024

Elapsed time was:     00:00:00.06
CPU time was:         00:00:00.01
